<?xml version="1.0" encoding="UTF-8"?>
<!-- Generated by org.testng.reporters.JUnitXMLReporter -->
<testsuite hostname="LT-1136" ignored="0" name="ValidateTitleCase" tests="1" failures="1" timestamp="26 Jun 2019 10:54:38 GMT" time="57.402" errors="0">
  <testcase name="titlename" time="0.236" classname="Ivyproject.ValidateTitleTest">
    <failure type="junit.framework.ComparisonFailure" message="expected:&amp;lt;...ES&amp;gt; but was:&amp;lt;...&amp;gt;">
      <![CDATA[junit.framework.ComparisonFailure: expected:<...ES> but was:<...>
	at junit.framework.Assert.assertEquals(Assert.java:81)
	at junit.framework.Assert.assertEquals(Assert.java:87)
	at Ivyproject.ValidateTitleTest.titlename(ValidateTitleTest.java:35)
... Removed 25 stack frames]]>
    </failure>
  </testcase> <!-- titlename -->
</testsuite> <!-- ValidateTitleCase -->
