<?xml version="1.0" encoding="UTF-8"?>
<testng-results skipped="0" failed="0" ignored="0" total="4" passed="4">
  <reporter-output>
  </reporter-output>
  <suite name="Suite" duration-ms="124710" started-at="2019-06-27T09:48:47Z" finished-at="2019-06-27T09:50:52Z">
    <groups>
    </groups>
    <test name="ValidateTitleCase" duration-ms="44328" started-at="2019-06-27T09:48:47Z" finished-at="2019-06-27T09:49:32Z">
      <class name="Ivyproject.ValidateTitleTest">
        <test-method status="PASS" signature="initialize()[pri:0, instance:Ivyproject.ValidateTitleTest@31368b99]" name="initialize" is-config="true" duration-ms="38426" started-at="2019-06-27T15:18:47Z" finished-at="2019-06-27T15:19:26Z">
          <reporter-output>
          </reporter-output>
        </test-method> <!-- initialize -->
        <test-method status="PASS" signature="titlename()[pri:0, instance:Ivyproject.ValidateTitleTest@31368b99]" name="titlename" duration-ms="749" started-at="2019-06-27T15:19:26Z" finished-at="2019-06-27T15:19:27Z">
          <reporter-output>
          </reporter-output>
        </test-method> <!-- titlename -->
        <test-method status="PASS" signature="closedriver()[pri:0, instance:Ivyproject.ValidateTitleTest@31368b99]" name="closedriver" is-config="true" duration-ms="5102" started-at="2019-06-27T15:19:27Z" finished-at="2019-06-27T15:19:32Z">
          <reporter-output>
          </reporter-output>
        </test-method> <!-- closedriver -->
      </class> <!-- Ivyproject.ValidateTitleTest -->
    </test> <!-- ValidateTitleCase -->
    <test name="ValidateBarCase" duration-ms="14048" started-at="2019-06-27T09:49:32Z" finished-at="2019-06-27T09:49:46Z">
      <class name="Ivyproject.validateBarTest">
        <test-method status="PASS" signature="initialize()[pri:0, instance:Ivyproject.validateBarTest@35ef1869]" name="initialize" is-config="true" duration-ms="10768" started-at="2019-06-27T15:19:32Z" finished-at="2019-06-27T15:19:43Z">
          <reporter-output>
          </reporter-output>
        </test-method> <!-- initialize -->
        <test-method status="PASS" signature="navbar()[pri:0, instance:Ivyproject.validateBarTest@35ef1869]" name="navbar" duration-ms="229" started-at="2019-06-27T15:19:43Z" finished-at="2019-06-27T15:19:43Z">
          <reporter-output>
          </reporter-output>
        </test-method> <!-- navbar -->
        <test-method status="PASS" signature="closedriver()[pri:0, instance:Ivyproject.validateBarTest@35ef1869]" name="closedriver" is-config="true" duration-ms="3050" started-at="2019-06-27T15:19:43Z" finished-at="2019-06-27T15:19:46Z">
          <reporter-output>
          </reporter-output>
        </test-method> <!-- closedriver -->
      </class> <!-- Ivyproject.validateBarTest -->
    </test> <!-- ValidateBarCase -->
    <test name="HomePageValidationCase" duration-ms="66152" started-at="2019-06-27T09:49:46Z" finished-at="2019-06-27T09:50:52Z">
      <class name="Ivyproject.HomePageTest">
        <test-method status="PASS" signature="initialize()[pri:0, instance:Ivyproject.HomePageTest@243c4f91]" name="initialize" is-config="true" duration-ms="6947" started-at="2019-06-27T15:19:46Z" finished-at="2019-06-27T15:19:53Z">
          <reporter-output>
          </reporter-output>
        </test-method> <!-- initialize -->
        <test-method status="PASS" signature="navigate(java.lang.String, java.lang.String, java.lang.String)[pri:0, instance:Ivyproject.HomePageTest@243c4f91]" name="navigate" duration-ms="26583" started-at="2019-06-27T15:19:53Z" data-provider="getdata" finished-at="2019-06-27T15:20:19Z">
          <params>
            <param index="0">
              <value>
                <![CDATA[Dileep]]>
              </value>
            </param>
            <param index="1">
              <value>
                <![CDATA[dils]]>
              </value>
            </param>
            <param index="2">
              <value>
                <![CDATA[Test done]]>
              </value>
            </param>
          </params>
          <reporter-output>
          </reporter-output>
        </test-method> <!-- navigate -->
        <test-method status="PASS" signature="navigate(java.lang.String, java.lang.String, java.lang.String)[pri:0, instance:Ivyproject.HomePageTest@243c4f91]" name="navigate" duration-ms="28729" started-at="2019-06-27T15:20:19Z" data-provider="getdata" finished-at="2019-06-27T15:20:48Z">
          <params>
            <param index="0">
              <value>
                <![CDATA[Dil]]>
              </value>
            </param>
            <param index="1">
              <value>
                <![CDATA[hi]]>
              </value>
            </param>
            <param index="2">
              <value>
                <![CDATA[Test done]]>
              </value>
            </param>
          </params>
          <reporter-output>
          </reporter-output>
        </test-method> <!-- navigate -->
        <test-method status="PASS" signature="closedriver()[pri:0, instance:Ivyproject.HomePageTest@243c4f91]" name="closedriver" is-config="true" duration-ms="3881" started-at="2019-06-27T15:20:48Z" finished-at="2019-06-27T15:20:52Z">
          <reporter-output>
          </reporter-output>
        </test-method> <!-- closedriver -->
      </class> <!-- Ivyproject.HomePageTest -->
    </test> <!-- HomePageValidationCase -->
  </suite> <!-- Suite -->
</testng-results>
