<?xml version="1.0" encoding="UTF-8"?>
<testng-results skipped="0" failed="0" ignored="0" total="4" passed="4">
  <reporter-output>
  </reporter-output>
  <suite name="Suite" duration-ms="144174" started-at="2019-06-28T07:02:10Z" finished-at="2019-06-28T07:04:34Z">
    <groups>
    </groups>
    <test name="ValidateTitleCase" duration-ms="62388" started-at="2019-06-28T07:02:10Z" finished-at="2019-06-28T07:03:12Z">
      <class name="Ivyproject.ValidateTitleTest">
        <test-method status="PASS" signature="initialize()[pri:0, instance:Ivyproject.ValidateTitleTest@478190fc]" name="initialize" is-config="true" duration-ms="56696" started-at="2019-06-28T12:32:10Z" finished-at="2019-06-28T12:33:07Z">
          <reporter-output>
          </reporter-output>
        </test-method> <!-- initialize -->
        <test-method status="PASS" signature="titlename()[pri:0, instance:Ivyproject.ValidateTitleTest@478190fc]" name="titlename" duration-ms="1172" started-at="2019-06-28T12:33:07Z" finished-at="2019-06-28T12:33:08Z">
          <reporter-output>
          </reporter-output>
        </test-method> <!-- titlename -->
        <test-method status="PASS" signature="closedriver()[pri:0, instance:Ivyproject.ValidateTitleTest@478190fc]" name="closedriver" is-config="true" duration-ms="4442" started-at="2019-06-28T12:33:08Z" finished-at="2019-06-28T12:33:12Z">
          <reporter-output>
          </reporter-output>
        </test-method> <!-- closedriver -->
      </class> <!-- Ivyproject.ValidateTitleTest -->
    </test> <!-- ValidateTitleCase -->
    <test name="ValidateBarCase" duration-ms="11836" started-at="2019-06-28T07:03:12Z" finished-at="2019-06-28T07:03:24Z">
      <class name="Ivyproject.validateBarTest">
        <test-method status="PASS" signature="initialize()[pri:0, instance:Ivyproject.validateBarTest@4550bb58]" name="initialize" is-config="true" duration-ms="9593" started-at="2019-06-28T12:33:12Z" finished-at="2019-06-28T12:33:22Z">
          <reporter-output>
          </reporter-output>
        </test-method> <!-- initialize -->
        <test-method status="PASS" signature="navbar()[pri:0, instance:Ivyproject.validateBarTest@4550bb58]" name="navbar" duration-ms="74" started-at="2019-06-28T12:33:22Z" finished-at="2019-06-28T12:33:22Z">
          <reporter-output>
          </reporter-output>
        </test-method> <!-- navbar -->
        <test-method status="PASS" signature="closedriver()[pri:0, instance:Ivyproject.validateBarTest@4550bb58]" name="closedriver" is-config="true" duration-ms="2166" started-at="2019-06-28T12:33:22Z" finished-at="2019-06-28T12:33:24Z">
          <reporter-output>
          </reporter-output>
        </test-method> <!-- closedriver -->
      </class> <!-- Ivyproject.validateBarTest -->
    </test> <!-- ValidateBarCase -->
    <test name="HomePageValidationCase" duration-ms="69881" started-at="2019-06-28T07:03:24Z" finished-at="2019-06-28T07:04:34Z">
      <class name="Ivyproject.HomePageTest">
        <test-method status="PASS" signature="initialize()[pri:0, instance:Ivyproject.HomePageTest@67c27493]" name="initialize" is-config="true" duration-ms="7617" started-at="2019-06-28T12:33:24Z" finished-at="2019-06-28T12:33:32Z">
          <reporter-output>
          </reporter-output>
        </test-method> <!-- initialize -->
        <test-method status="PASS" signature="navigate(java.lang.String, java.lang.String, java.lang.String)[pri:0, instance:Ivyproject.HomePageTest@67c27493]" name="navigate" duration-ms="28301" started-at="2019-06-28T12:33:32Z" data-provider="getdata" finished-at="2019-06-28T12:34:00Z">
          <params>
            <param index="0">
              <value>
                <![CDATA[Dileep]]>
              </value>
            </param>
            <param index="1">
              <value>
                <![CDATA[dils]]>
              </value>
            </param>
            <param index="2">
              <value>
                <![CDATA[Test done]]>
              </value>
            </param>
          </params>
          <reporter-output>
          </reporter-output>
        </test-method> <!-- navigate -->
        <test-method status="PASS" signature="navigate(java.lang.String, java.lang.String, java.lang.String)[pri:0, instance:Ivyproject.HomePageTest@67c27493]" name="navigate" duration-ms="30061" started-at="2019-06-28T12:34:00Z" data-provider="getdata" finished-at="2019-06-28T12:34:30Z">
          <params>
            <param index="0">
              <value>
                <![CDATA[Dil]]>
              </value>
            </param>
            <param index="1">
              <value>
                <![CDATA[hi]]>
              </value>
            </param>
            <param index="2">
              <value>
                <![CDATA[Test done]]>
              </value>
            </param>
          </params>
          <reporter-output>
          </reporter-output>
        </test-method> <!-- navigate -->
        <test-method status="PASS" signature="closedriver()[pri:0, instance:Ivyproject.HomePageTest@67c27493]" name="closedriver" is-config="true" duration-ms="3889" started-at="2019-06-28T12:34:30Z" finished-at="2019-06-28T12:34:34Z">
          <reporter-output>
          </reporter-output>
        </test-method> <!-- closedriver -->
      </class> <!-- Ivyproject.HomePageTest -->
    </test> <!-- HomePageValidationCase -->
  </suite> <!-- Suite -->
</testng-results>
